0 verbose cli /usr/bin/node-18 /usr/bin/npm
1 info using npm@10.8.2
2 info using node@v18.20.8
3 silly config load:file:/usr/lib/nodejs18/lib/node_modules/npm/npmrc
4 silly config load:file:/home/ec2-user/.npmrc
5 silly config load:file:/etc/npmrc
6 verbose title npm init
7 verbose argv "init" "--yes"
8 verbose logfile logs-max:10 dir:/home/ec2-user/.npm/_logs/2025-09-05T16_00_49_557Z-
9 verbose logfile /home/ec2-user/.npm/_logs/2025-09-05T16_00_49_557Z-debug-0.log
10 silly logfile done cleaning log files
11 silly package data {
11 silly package data   name: 'ec2-user',
11 silly package data   version: '1.0.0',
11 silly package data   main: 'server.js',
11 silly package data   scripts: {
11 silly package data     test: 'echo "Error: no test specified" && exit 1',
11 silly package data     start: 'node server.js'
11 silly package data   },
11 silly package data   keywords: [],
11 silly package data   author: '',
11 silly package data   license: 'ISC',
11 silly package data   description: ''
11 silly package data }
12 verbose cwd /home/ec2-user
13 verbose os Linux 6.1.147-172.266.amzn2023.x86_64
14 verbose node v18.20.8
15 verbose npm  v10.8.2
16 verbose exit 0
17 info ok
